<?xml version="1.0" encoding="UTF-8"?>
<!-- Generated by org.testng.reporters.JUnitXMLReporter -->
<testsuite ignored="0" hostname="b7921581194c544" failures="0" tests="7" name="Default test" time="23.347" errors="0" timestamp="2026-06-12T17:13:20 IST">
  <testcase classname="Testing_practice.SauceDemoE2E" name="login" time="0.375"/>
  <testcase classname="Testing_practice.SauceDemoE2E" name="product_details" time="0.16"/>
  <testcase classname="Testing_practice.SauceDemoE2E" name="add_to_cart" time="0.105"/>
  <testcase classname="Testing_practice.SauceDemoE2E" name="delete_cart_item" time="0.072"/>
  <testcase classname="Testing_practice.SauceDemoE2E" name="filter_button" time="0.144"/>
  <testcase classname="Testing_practice.SauceDemoE2E" name="left_menu_button" time="3.12"/>
  <testcase classname="Testing_practice.SauceDemoE2E" name="multiple_search" time="0.017"/>
</testsuite> <!-- Default test -->
